<?xml version="1.0" encoding="UTF-8"?>
<testsuite xmlns:xsi="http://www.w3.org/2001/XMLSchema-instance" xsi:noNamespaceSchemaLocation="https://maven.apache.org/surefire/maven-surefire-plugin/xsd/surefire-test-report.xsd" name="edu.udacity.java.nano.WebSocketChatApplicationTests" time="21.982" tests="4" errors="0" skipped="0" failures="0">
  <properties>
[...]
</properties>
  <testcase name="chat" classname="edu.udacity.java.nano.WebSocketChatApplicationTests" time="1.103"/>
  <testcase name="join" classname="edu.udacity.java.nano.WebSocketChatApplicationTests" time="0.228"/>
  <testcase name="leave" classname="edu.udacity.java.nano.WebSocketChatApplicationTests" time="0.571"/>
  <testcase name="login" classname="edu.udacity.java.nano.WebSocketChatApplicationTests" time="0.229"/>
</testsuite>